Data will be written to C:\Users\TH303898\Documents   at 20150922190657612Tz530

Date Time Monitor Started...   at 20150922190702156Tz530

Data will be written to C:\Users\TH303898\Documents   at 20150922192205186Tz530

Data will be written to C:\Users\TH303898\Desktop   at 20150922195108261Tz530

Data will be written to C:\Users\TH303898\Desktop   at 20150922195152440Tz530

Data will be written to C:\Users\TH303898\Desktop   at 20150922202450770Tz530

Data will be written to C:\Users\TH303898\Desktop   at 20150922202654029Tz530

Data will be written to C:\Users\TH303898\Desktop   at 20150922203404168Tz530

Data will be written to C:\Users\TH303898\Desktop   at 20150922203516747Tz530

Data will be written to C:\Users\TH303898\Desktop   at 20150922205557145Tz530

Date will be written to C:\Users\TH303898\Desktop\output_20150923022603865Tz530.csv   at 20150923022603865Tz530

Date will be written to C:\Users\TH303898\Desktop\output_20150923022604877Tz530.csv   at 20150923022604877Tz530

Date will be written to C:\Users\TH303898\Desktop\output_20150923022605890Tz530.csv   at 20150923022605890Tz530

Date will be written to C:\Users\TH303898\Desktop\output_20150923022606904Tz530.csv   at 20150923022606904Tz530

Date will be written to C:\Users\TH303898\Desktop\output_20150923022607918Tz530.csv   at 20150923022607918Tz530

Date will be written to C:\Users\TH303898\Desktop\output_20150923022608931Tz530.csv   at 20150923022608931Tz530

Date will be written to C:\Users\TH303898\Desktop\output_20150923022609945Tz530.csv   at 20150923022609945Tz530

Date will be written to C:\Users\TH303898\Desktop\output_20150923022610961Tz530.csv   at 20150923022610961Tz530

Date will be written to C:\Users\TH303898\Desktop\output_20150923022611975Tz530.csv   at 20150923022611975Tz530

Data will be written to C:\Users\TH303898\Desktop   at 20150922205728010Tz530

Data will be written to C:\Users\TH303898\Desktop   at 20150922205846790Tz530

Data will be written to C:\Users\wiprovpn\Documents   at 20150923004744534Tz-7

Date will be written to C:\Users\wiprovpn\Documents\dataindividual_20150922174802835Tz-7.csv   at 20150922174802835Tz-7

Date will be written to C:\Users\wiprovpn\Documents\dataindividual_20150922174803841Tz-7.csv   at 20150922174803841Tz-7

Date will be written to C:\Users\wiprovpn\Documents\dataindividual_20150922174804854Tz-7.csv   at 20150922174804854Tz-7

Date will be written to C:\Users\wiprovpn\Documents\dataindividual_20150922174805869Tz-7.csv   at 20150922174805870Tz-7

Date will be written to C:\Users\wiprovpn\Documents\dataindividual_20150922174806885Tz-7.csv   at 20150922174806885Tz-7

Date will be written to C:\Users\wiprovpn\Documents\dataindividual_20150922174807898Tz-7.csv   at 20150922174807898Tz-7

Date will be written to C:\Users\wiprovpn\Documents\dataindividual_20150922174808914Tz-7.csv   at 20150922174808915Tz-7

Date will be written to C:\Users\wiprovpn\Documents\dataindividual_20150922174809928Tz-7.csv   at 20150922174809928Tz-7

Data will be written to C:\Users\wiprovpn\Documents   at 20150923005054130Tz-7

Date will be written to C:\Users\wiprovpn\Documents\out_20150922175057420Tz-7.csv   at 20150922175057420Tz-7

Date will be written to C:\Users\wiprovpn\Documents\out_20150922175058425Tz-7.csv   at 20150922175058525Tz-7

Date will be written to C:\Users\wiprovpn\Documents\out_20150922175059439Tz-7.csv   at 20150922175059441Tz-7

Date will be written to C:\Users\wiprovpn\Documents\out_20150922175100453Tz-7.csv   at 20150922175100455Tz-7

Date will be written to C:\Users\wiprovpn\Documents\out_20150922175212836Tz-7.csv   at 20150922175212837Tz-7

Date will be written to C:\Users\wiprovpn\Documents\out_20150922175213852Tz-7.csv   at 20150922175213853Tz-7

Date will be written to C:\Users\wiprovpn\Documents\out_20150922175214867Tz-7.csv   at 20150922175214868Tz-7

Date will be written to C:\Users\wiprovpn\Documents\out_20150922175216078Tz-7.csv   at 20150922175216160Tz-7

Date will be written to C:\Users\wiprovpn\Documents\out_20150922175222235Tz-7.csv   at 20150922175222236Tz-7

Date will be written to C:\Users\wiprovpn\Documents\out_20150922175223250Tz-7.csv   at 20150922175223251Tz-7

Date will be written to C:\Users\wiprovpn\Documents\out_20150922175224265Tz-7.csv   at 20150922175224267Tz-7

Date will be written to C:\Users\wiprovpn\Documents\out_20150922175225280Tz-7.csv   at 20150922175225282Tz-7

Date will be written to C:\Users\wiprovpn\Documents\out_20150922175226294Tz-7.csv   at 20150922175226296Tz-7

Date will be written to C:\Users\wiprovpn\Documents\out_20150922175227308Tz-7.csv   at 20150922175242758Tz-7

Date will be written to C:\Users\wiprovpn\Documents\out_20150922175242829Tz-7.csv   at 20150922175242830Tz-7

Date will be written to C:\Users\wiprovpn\Documents\out_20150922175243542Tz-7.csv   at 20150922175243543Tz-7

Date will be written to C:\Users\wiprovpn\Documents\out_20150922175244557Tz-7.csv   at 20150922175244558Tz-7

Date will be written to C:\Users\wiprovpn\Documents\out_20150922175245571Tz-7.csv   at 20150922175245572Tz-7

Date will be written to C:\Users\wiprovpn\Documents\out_20150922175246587Tz-7.csv   at 20150922175246589Tz-7

Date will be written to C:\Users\wiprovpn\Documents\out_20150922175247600Tz-7.csv   at 20150922175247600Tz-7

Date will be written to C:\Users\wiprovpn\Documents\out_20150922175248616Tz-7.csv   at 20150922175248617Tz-7

Date will be written to C:\Users\wiprovpn\Documents\out_20150922175249632Tz-7.csv   at 20150922175249634Tz-7

Date will be written to C:\Users\wiprovpn\Documents\out_20150922175250646Tz-7.csv   at 20150922175250647Tz-7

Date will be written to C:\Users\wiprovpn\Documents\out_20150922175251659Tz-7.csv   at 20150922175251660Tz-7

Date will be written to C:\Users\wiprovpn\Documents\out_20150922175252677Tz-7.csv   at 20150922175252679Tz-7

Date will be written to C:\Users\wiprovpn\Documents\out_20150922175253689Tz-7.csv   at 20150922175253691Tz-7

Date will be written to C:\Users\wiprovpn\Documents\out_20150922175254703Tz-7.csv   at 20150922175254704Tz-7

Data will be written to C:\Users\wiprovpn\Documents   at 20150923005900229Tz-7

Date will be written to C:\Users\wiprovpn\Documents\out_20150922175903945Tz-7.csv   at 20150922175903960Tz-7

Date will be written to C:\Users\wiprovpn\Documents\out_20150922175904959Tz-7.csv   at 20150922175905631Tz-7

Date will be written to C:\Users\wiprovpn\Documents\out_20150922175905974Tz-7.csv   at 20150922175905974Tz-7

Date will be written to C:\Users\wiprovpn\Documents\out_20150922175906989Tz-7.csv   at 20150922175906989Tz-7

Date will be written to C:\Users\wiprovpn\Documents\out_20150922175908003Tz-7.csv   at 20150922175908003Tz-7

Date will be written to C:\Users\wiprovpn\Documents\out_20150922175909018Tz-7.csv   at 20150922175909018Tz-7

Date will be written to C:\Users\wiprovpn\Documents\out_20150922175910033Tz-7.csv   at 20150922175910033Tz-7

Date will be written to C:\Users\wiprovpn\Documents\out_20150922175911048Tz-7.csv   at 20150922175911048Tz-7

Date will be written to C:\Users\wiprovpn\Documents\out_20150922175912062Tz-7.csv   at 20150922175912062Tz-7

Date will be written to C:\Users\wiprovpn\Documents\out_20150922175913077Tz-7.csv   at 20150922175913077Tz-7

Date will be written to C:\Users\wiprovpn\Documents\out_20150922175914092Tz-7.csv   at 20150922175914092Tz-7

Date will be written to C:\Users\wiprovpn\Documents\out_20150922175915106Tz-7.csv   at 20150922175915106Tz-7

Date will be written to C:\Users\wiprovpn\Documents\out_20150922175916121Tz-7.csv   at 20150922175916121Tz-7

Date will be written to C:\Users\wiprovpn\Documents\out_20150922175917136Tz-7.csv   at 20150922175917136Tz-7

Date will be written to C:\Users\wiprovpn\Documents\out_20150922175918150Tz-7.csv   at 20150922175918150Tz-7

Date will be written to C:\Users\wiprovpn\Documents\out_20150922175919165Tz-7.csv   at 20150922175919165Tz-7

Date will be written to C:\Users\wiprovpn\Documents\out_20150922175920180Tz-7.csv   at 20150922175920180Tz-7

Date will be written to C:\Users\wiprovpn\Documents\out_20150922175921195Tz-7.csv   at 20150922175921195Tz-7

Date will be written to C:\Users\wiprovpn\Documents\out_20150922175922209Tz-7.csv   at 20150922175922209Tz-7

Date will be written to C:\Users\wiprovpn\Documents\out_20150922175923224Tz-7.csv   at 20150922175923224Tz-7

Date will be written to C:\Users\wiprovpn\Documents\out_20150922175924239Tz-7.csv   at 20150922175924239Tz-7

Date will be written to C:\Users\wiprovpn\Documents\out_20150922175925253Tz-7.csv   at 20150922175925253Tz-7

Date will be written to C:\Users\wiprovpn\Documents\out_20150922175926268Tz-7.csv   at 20150922175926268Tz-7

Date will be written to C:\Users\wiprovpn\Documents\out_20150922175927283Tz-7.csv   at 20150922175927283Tz-7

Date will be written to C:\Users\wiprovpn\Documents\out_20150922175928297Tz-7.csv   at 20150922175928297Tz-7

Date will be written to C:\Users\wiprovpn\Documents\out_20150922175929312Tz-7.csv   at 20150922175929312Tz-7

Date will be written to C:\Users\wiprovpn\Documents\out_20150922175930327Tz-7.csv   at 20150922175930327Tz-7

Date will be written to C:\Users\wiprovpn\Documents\out_20150922175931342Tz-7.csv   at 20150922175931342Tz-7

Date will be written to C:\Users\wiprovpn\Documents\out_20150922175932356Tz-7.csv   at 20150922175932356Tz-7

Date will be written to C:\Users\wiprovpn\Documents\out_20150922175933371Tz-7.csv   at 20150922175933371Tz-7

Date will be written to C:\Users\wiprovpn\Documents\out_20150922175934386Tz-7.csv   at 20150922175934386Tz-7

Data will be written to C:\Users\wiprovpn\Documents   at 20150923010119046Tz-7

Date will be written to C:\Users\wiprovpn\Documents\individual_20150922180122552Tz-7.csv   at 20150922180122553Tz-7

Date will be written to C:\Users\wiprovpn\Documents\individual_20150922180123565Tz-7.csv   at 20150922180123568Tz-7

Date will be written to C:\Users\wiprovpn\Documents\individual_20150922180124580Tz-7.csv   at 20150922180124583Tz-7

Date will be written to C:\Users\wiprovpn\Documents\individual_20150922180125593Tz-7.csv   at 20150922180125596Tz-7

Date will be written to C:\Users\wiprovpn\Documents\individual_20150922180126610Tz-7.csv   at 20150922180126612Tz-7

Date will be written to C:\Users\wiprovpn\Documents\individual_20150922180127624Tz-7.csv   at 20150922180127626Tz-7

Date will be written to C:\Users\wiprovpn\Documents\individual_20150922180128639Tz-7.csv   at 20150922180128641Tz-7

Date will be written to C:\Users\wiprovpn\Documents\individual_20150922180129654Tz-7.csv   at 20150922180129656Tz-7

Date will be written to C:\Users\wiprovpn\Documents\individual_20150922180130668Tz-7.csv   at 20150922180130671Tz-7

Date will be written to C:\Users\wiprovpn\Documents\individual_20150922180131683Tz-7.csv   at 20150922180131685Tz-7

Date will be written to C:\Users\wiprovpn\Documents\individual_20150922180132698Tz-7.csv   at 20150922180132700Tz-7

Date will be written to C:\Users\wiprovpn\Documents\individual_20150922180133713Tz-7.csv   at 20150922180133715Tz-7

Date will be written to C:\Users\wiprovpn\Documents\individual_20150922180134727Tz-7.csv   at 20150922180134729Tz-7

Date will be written to C:\Users\wiprovpn\Documents\individual_20150922180135741Tz-7.csv   at 20150922180135744Tz-7

Data will be written to C:\Users\wiprovpn\Documents   at 20150923010259105Tz-7

Date will be written to C:\Users\wiprovpn\Documents\indi_20150922180302565Tz-7.csv   at 20150922180302566Tz-7

Date will be written to C:\Users\wiprovpn\Documents\indi_20150922180303580Tz-7.csv   at 20150922180303582Tz-7

Date will be written to C:\Users\wiprovpn\Documents\indi_20150922180304594Tz-7.csv   at 20150922180304597Tz-7

Date will be written to C:\Users\wiprovpn\Documents\indi_20150922180305608Tz-7.csv   at 20150922180305618Tz-7

Date will be written to C:\Users\wiprovpn\Documents\indi_20150922180306624Tz-7.csv   at 20150922180306626Tz-7

Date will be written to C:\Users\wiprovpn\Documents\indi_20150922180307639Tz-7.csv   at 20150922180307641Tz-7

Date will be written to C:\Users\wiprovpn\Documents\indi_20150922180315491Tz-7.csv   at 20150922180315494Tz-7

Date will be written to C:\Users\wiprovpn\Documents\indi_20150922180317504Tz-7.csv   at 20150922180317505Tz-7

Date will be written to C:\Users\wiprovpn\Documents\indi_20150922180319516Tz-7.csv   at 20150922180319517Tz-7

Date will be written to C:\Users\wiprovpn\Documents\indi_20150922180321535Tz-7.csv   at 20150922180321537Tz-7

Date will be written to C:\Users\wiprovpn\Documents\indi_20150922180323545Tz-7.csv   at 20150922180323546Tz-7

Data will be written to C:\Users\wiprovpn\Documents   at 20150923010610085Tz-7

Date will be written to C:\Users\wiprovpn\Documents\individual_20150922180615229Tz-7.csv   at 20150922180615233Tz-7

Date will be written to C:\Users\wiprovpn\Documents\individual_20150922180616240Tz-7.csv   at 20150922180616243Tz-7

Date will be written to C:\Users\wiprovpn\Documents\individual_20150922180617254Tz-7.csv   at 20150922180617255Tz-7

Date will be written to C:\Users\wiprovpn\Documents\individual_20150922180618270Tz-7.csv   at 20150922180618280Tz-7

Date will be written to C:\Users\wiprovpn\Documents\individual_20150922180619285Tz-7.csv   at 20150922180619288Tz-7

Date will be written to C:\Users\wiprovpn\Documents\individual_20150922180620299Tz-7.csv   at 20150922180620300Tz-7

Date will be written to C:\Users\wiprovpn\Documents\individual_20150922180621313Tz-7.csv   at 20150922180621316Tz-7

Date will be written to C:\Users\wiprovpn\Documents\individual_20150922180622328Tz-7.csv   at 20150922180622331Tz-7

Date will be written to C:\Users\wiprovpn\Documents\individual_20150922180623342Tz-7.csv   at 20150922180623343Tz-7

Date will be written to C:\Users\wiprovpn\Documents\individual_20150922180624358Tz-7.csv   at 20150922180624361Tz-7

Date will be written to C:\Users\wiprovpn\Documents\individual_20150922180625373Tz-7.csv   at 20150922180625375Tz-7

Date will be written to C:\Users\wiprovpn\Documents\individual_20150922180626385Tz-7.csv   at 20150922180626386Tz-7

Date will be written to C:\Users\wiprovpn\Documents\individual_20150922180627403Tz-7.csv   at 20150922180627405Tz-7

Date will be written to C:\Users\wiprovpn\Documents\individual_20150922180628416Tz-7.csv   at 20150922180628419Tz-7

Date will be written to C:\Users\wiprovpn\Documents\individual_20150922180629429Tz-7.csv   at 20150922180629430Tz-7

Date will be written to C:\Users\wiprovpn\Documents\individual_20150922180630446Tz-7.csv   at 20150922180630448Tz-7

Date will be written to C:\Users\wiprovpn\Documents\individual_20150922180631459Tz-7.csv   at 20150922180631462Tz-7

Date will be written to C:\Users\wiprovpn\Documents\individual_20150922180631459Tz-7.csv   at 20150922180647725Tz-7

Date will be written to C:\Users\wiprovpn\Documents\individual_20150922180631459Tz-7.csv   at 20150922180648740Tz-7

Date will be written to C:\Users\wiprovpn\Documents\individual_20150922180631459Tz-7.csv   at 20150922180649754Tz-7

Date will be written to C:\Users\wiprovpn\Documents\individual_20150922180631459Tz-7.csv   at 20150922180650769Tz-7

Date will be written to C:\Users\wiprovpn\Documents\individual_20150922180631459Tz-7.csv   at 20150922180651785Tz-7

Date will be written to C:\Users\wiprovpn\Documents\individual_20150922180631459Tz-7.csv   at 20150922180652799Tz-7

Date will be written to C:\Users\wiprovpn\Documents\individual_20150922180631459Tz-7.csv   at 20150922180653814Tz-7

Date will be written to C:\Users\wiprovpn\Documents\individual_20150922180631459Tz-7.csv   at 20150922180654828Tz-7

Data will be written to C:\Users\wiprovpn\Documents   at 20150923012442811Tz-7

System.UnauthorizedAccessException: Access to the port 'COM5' is denied.
   at System.IO.Ports.InternalResources.WinIOError(Int32 errorCode, String str)
   at System.IO.Ports.SerialStream..ctor(String portName, Int32 baudRate, Parity parity, Int32 dataBits, StopBits stopBits, Int32 readTimeout, Int32 writeTimeout, Handshake handshake, Boolean dtrEnable, Boolean rtsEnable, Boolean discardNull, Byte parityReplace)
   at System.IO.Ports.SerialPort.Open()
   at LaserPoint_Keyence.Form1.button_connect_Click(Object sender, EventArgs e) in D:\Thangavel\Laserpoint\LaserPoint_Keyence\LaserPoint_Keyence\Form1.cs:line 378
System.UnauthorizedAccessException: Access to the port 'COM5' is denied.
   at System.IO.Ports.InternalResources.WinIOError(Int32 errorCode, String str)
   at System.IO.Ports.SerialStream..ctor(String portName, Int32 baudRate, Parity parity, Int32 dataBits, StopBits stopBits, Int32 readTimeout, Int32 writeTimeout, Handshake handshake, Boolean dtrEnable, Boolean rtsEnable, Boolean discardNull, Byte parityReplace)
   at System.IO.Ports.SerialPort.Open()
   at LaserPoint_Keyence.Form1.button_connect_Click(Object sender, EventArgs e) in D:\Thangavel\Laserpoint\LaserPoint_Keyence\LaserPoint_Keyence\Form1.cs:line 378
Date will be written to C:\Users\wiprovpn\Documents\combined_20150923012442796Tz-7.csv   at 20150922182544408Tz-7

Date will be written to C:\Users\wiprovpn\Documents\combined_20150923012442796Tz-7.csv   at 20150922182548812Tz-7

Date will be written to C:\Users\wiprovpn\Documents\combined_20150923012442796Tz-7.csv   at 20150922182549827Tz-7

Date will be written to C:\Users\wiprovpn\Documents\combined_20150923012442796Tz-7.csv   at 20150922182550841Tz-7

Date will be written to C:\Users\wiprovpn\Documents\combined_20150923012442796Tz-7.csv   at 20150922182555431Tz-7

Date will be written to C:\Users\wiprovpn\Documents\combined_20150923012442796Tz-7.csv   at 20150922182556446Tz-7

Date will be written to C:\Users\wiprovpn\Documents\combined_20150922182601208Tz-7.csv   at 20150922182601208Tz-7

Date will be written to C:\Users\wiprovpn\Documents\combined_20150922182602223Tz-7.csv   at 20150922182602223Tz-7

Date will be written to C:\Users\wiprovpn\Documents\combined_20150922182603237Tz-7.csv   at 20150922182603237Tz-7

Date will be written to C:\Users\wiprovpn\Documents\combined_20150922182603237Tz-7.csv   at 20150922182607796Tz-7

Date will be written to C:\Users\wiprovpn\Documents\combined_20150922182603237Tz-7.csv   at 20150922182608810Tz-7

Data will be written to C:\Users\wiprovpn\Desktop\Screenshots   at 20150923014818140Tz-7

Date will be written to C:\Users\wiprovpn\Desktop\Screenshots\individual_20150922184857128Tz-7.csv   at 20150922184857132Tz-7

Date will be written to C:\Users\wiprovpn\Desktop\Screenshots\individual_20150922184858147Tz-7.csv   at 20150922184858149Tz-7

Date will be written to C:\Users\wiprovpn\Desktop\Screenshots\individual_20150922184859166Tz-7.csv   at 20150922184859169Tz-7

Date will be written to C:\Users\wiprovpn\Desktop\Screenshots\individual_20150922184900185Tz-7.csv   at 20150922184900188Tz-7

Date will be written to C:\Users\wiprovpn\Desktop\Screenshots\individual_20150922184901204Tz-7.csv   at 20150922184901206Tz-7

Date will be written to C:\Users\wiprovpn\Desktop\Screenshots\individual_20150922184902223Tz-7.csv   at 20150922184902226Tz-7

Date will be written to C:\Users\wiprovpn\Desktop\Screenshots\individual_20150922184903243Tz-7.csv   at 20150922184903247Tz-7

Date will be written to C:\Users\wiprovpn\Desktop\Screenshots\individual_20150922184904262Tz-7.csv   at 20150922184904265Tz-7

Date will be written to C:\Users\wiprovpn\Desktop\Screenshots\individual_20150922184905282Tz-7.csv   at 20150922184905284Tz-7

Date will be written to C:\Users\wiprovpn\Desktop\Screenshots\individual_20150922184906301Tz-7.csv   at 20150922184906303Tz-7

Date will be written to C:\Users\wiprovpn\Desktop\Screenshots\individual_20150922184907320Tz-7.csv   at 20150922184907323Tz-7

Date will be written to C:\Users\wiprovpn\Desktop\Screenshots\individual_20150922184908340Tz-7.csv   at 20150922184908349Tz-7

Date will be written to C:\Users\wiprovpn\Desktop\Screenshots\individual_20150922184909359Tz-7.csv   at 20150922184909362Tz-7

Date will be written to C:\Users\wiprovpn\Desktop\Screenshots\individual_20150922184910405Tz-7.csv   at 20150922184910406Tz-7

Date will be written to C:\Users\wiprovpn\Desktop\Screenshots\individual_20150922184911398Tz-7.csv   at 20150922184911401Tz-7

Date will be written to C:\Users\wiprovpn\Desktop\Screenshots\individual_20150922184911398Tz-7.csv   at 20150922184938398Tz-7

Date will be written to C:\Users\wiprovpn\Desktop\Screenshots\individual_20150922184911398Tz-7.csv   at 20150922184939417Tz-7

Date will be written to C:\Users\wiprovpn\Desktop\Screenshots\individual_20150922184911398Tz-7.csv   at 20150922184940436Tz-7

Date will be written to C:\Users\wiprovpn\Desktop\Screenshots\individual_20150922184911398Tz-7.csv   at 20150922184941455Tz-7

Date will be written to C:\Users\wiprovpn\Desktop\Screenshots\individual_20150922184911398Tz-7.csv   at 20150922184942474Tz-7

Date will be written to C:\Users\wiprovpn\Desktop\Screenshots\individual_20150922184911398Tz-7.csv   at 20150922184943494Tz-7

Date will be written to C:\Users\wiprovpn\Desktop\Screenshots\individual_20150922184911398Tz-7.csv   at 20150922184944513Tz-7

Date will be written to C:\Users\wiprovpn\Desktop\Screenshots\individual_20150922184911398Tz-7.csv   at 20150922184945533Tz-7

Date Time Monitor Started...   at 20150923015012827Tz-7

Date will be written to C:\Users\wiprovpn\Desktop\Screenshots\individual_20150922184911398Tz-7.csv   at 20150922185013850Tz-7

Date will be written to C:\Users\wiprovpn\Desktop\Screenshots\individual_20150922184911398Tz-7.csv   at 20150922185014871Tz-7

Date will be written to C:\Users\wiprovpn\Desktop\Screenshots\individual_20150922184911398Tz-7.csv   at 20150922185015889Tz-7

Date will be written to C:\Users\wiprovpn\Desktop\Screenshots\individual_20150922184911398Tz-7.csv   at 20150922185016908Tz-7

Date will be written to C:\Users\wiprovpn\Desktop\Screenshots\individual_20150922184911398Tz-7.csv   at 20150922185017929Tz-7

Date will be written to C:\Users\wiprovpn\Desktop\Screenshots\individual_20150922184911398Tz-7.csv   at 20150922185018947Tz-7

Data will be written to C:\Users\wiprovpn\Desktop\Screenshots   at 20150923015147600Tz-7

Date Time Monitor Started...   at 20150923015151916Tz-7

Date will be written to C:\Users\wiprovpn\Desktop\Screenshots\combined_20150923015147596Tz-7.csv   at 20150922185152983Tz-7

Date will be written to C:\Users\wiprovpn\Desktop\Screenshots\combined_20150923015147596Tz-7.csv   at 20150922185153969Tz-7

Date will be written to C:\Users\wiprovpn\Desktop\Screenshots\combined_20150923015147596Tz-7.csv   at 20150922185154990Tz-7

Date will be written to C:\Users\wiprovpn\Desktop\Screenshots\combined_20150923015147596Tz-7.csv   at 20150922185156009Tz-7

Date will be written to C:\Users\wiprovpn\Desktop\Screenshots\combined_20150923015147596Tz-7.csv   at 20150922185157028Tz-7

Data will be written to C:\Users\wiprovpn\Desktop\Screenshots   at 20150923015732263Tz-7

Date will be written to C:\Users\wiprovpn\Desktop\Screenshots\combined_20150923015732260Tz-7.csv   at 20150922185740466Tz-7

Date will be written to C:\Users\wiprovpn\Desktop\Screenshots\combined_20150923015732260Tz-7.csv   at 20150922185741476Tz-7

Date will be written to C:\Users\wiprovpn\Desktop\Screenshots\combined_20150923015732260Tz-7.csv   at 20150922185742491Tz-7

Date will be written to C:\Users\wiprovpn\Desktop\Screenshots\combined_20150923015732260Tz-7.csv   at 20150922185743509Tz-7

Data will be written to C:\Users\wiprovpn\Desktop\Screenshots   at 20150923020106046Tz-7

Date will be written to C:\Users\wiprovpn\Desktop\Screenshots\combined_20150923020106042Tz-7.csv   at 20150922190109837Tz-7

Date will be written to C:\Users\wiprovpn\Desktop\Screenshots\combined_20150923020106042Tz-7.csv   at 20150922190110853Tz-7

Date will be written to C:\Users\wiprovpn\Desktop\Screenshots\combined_20150923020106042Tz-7.csv   at 20150922190111867Tz-7

Date will be written to C:\Users\wiprovpn\Desktop\Screenshots\combined_20150923020106042Tz-7.csv   at 20150922190112883Tz-7

Date will be written to C:\Users\wiprovpn\Desktop\Screenshots\combined_20150923020106042Tz-7.csv   at 20150922190113899Tz-7

Data will be written to C:\Users\wiprovpn\Desktop\Screenshots   at 20150923020255737Tz-7

Date will be written to C:\Users\wiprovpn\Desktop\Screenshots\combined_20150923020255734Tz-7.csv   at 20150922190300442Tz-7

Date will be written to C:\Users\wiprovpn\Desktop\Screenshots\combined_20150923020255734Tz-7.csv   at 20150922190301450Tz-7

Date will be written to C:\Users\wiprovpn\Desktop\Screenshots\combined_20150923020255734Tz-7.csv   at 20150922190302465Tz-7

Date will be written to C:\Users\wiprovpn\Desktop\Screenshots\combined_20150923020255734Tz-7.csv   at 20150922190303482Tz-7

Date will be written to C:\Users\wiprovpn\Desktop\Screenshots\combined_20150923020255734Tz-7.csv   at 20150922190304497Tz-7

Date will be written to C:\Users\wiprovpn\Desktop\Screenshots\combined_20150923020255734Tz-7.csv   at 20150922190305513Tz-7

Date will be written to C:\Users\wiprovpn\Desktop\Screenshots\combined_20150923020255734Tz-7.csv   at 20150922190306530Tz-7

Date will be written to C:\Users\wiprovpn\Desktop\Screenshots\combined_20150923020255734Tz-7.csv   at 20150922190307544Tz-7

Date will be written to C:\Users\wiprovpn\Desktop\Screenshots\combined_20150923020255734Tz-7.csv   at 20150922190308561Tz-7

Date will be written to C:\Users\wiprovpn\Desktop\Screenshots\combined_20150923020255734Tz-7.csv   at 20150922190309576Tz-7

Date will be written to C:\Users\wiprovpn\Desktop\Screenshots\combined_20150923020255734Tz-7.csv   at 20150922190310591Tz-7

Date will be written to C:\Users\wiprovpn\Desktop\Screenshots\combined_20150923020255734Tz-7.csv   at 20150922190311606Tz-7

Date will be written to C:\Users\wiprovpn\Desktop\Screenshots\combined_20150923020255734Tz-7.csv   at 20150922190312623Tz-7

Date will be written to C:\Users\wiprovpn\Desktop\Screenshots\combined_20150923020255734Tz-7.csv   at 20150922190313637Tz-7

Date will be written to C:\Users\wiprovpn\Desktop\Screenshots\combined_20150923020255734Tz-7.csv   at 20150922190314654Tz-7

Date will be written to C:\Users\wiprovpn\Desktop\Screenshots\combined_20150923020255734Tz-7.csv   at 20150922190315669Tz-7

Date will be written to C:\Users\wiprovpn\Desktop\Screenshots\combined_20150923020255734Tz-7.csv   at 20150922190316685Tz-7

Date will be written to C:\Users\wiprovpn\Desktop\Screenshots\combined_20150923020255734Tz-7.csv   at 20150922190317700Tz-7

Date will be written to C:\Users\wiprovpn\Desktop\Screenshots\combined_20150923020255734Tz-7.csv   at 20150922190318717Tz-7

Date will be written to C:\Users\wiprovpn\Desktop\Screenshots\combined_20150923020255734Tz-7.csv   at 20150922190319740Tz-7

Date will be written to C:\Users\wiprovpn\Desktop\Screenshots\combined_20150923020255734Tz-7.csv   at 20150922190320748Tz-7

Date will be written to C:\Users\wiprovpn\Desktop\Screenshots\combined_20150923020255734Tz-7.csv   at 20150922190321763Tz-7

Date will be written to C:\Users\wiprovpn\Desktop\Screenshots\combined_20150923020255734Tz-7.csv   at 20150922190322778Tz-7

Date will be written to C:\Users\wiprovpn\Desktop\Screenshots\combined_20150923020255734Tz-7.csv   at 20150922190323795Tz-7

Date will be written to C:\Users\wiprovpn\Desktop\Screenshots\combined_20150923020255734Tz-7.csv   at 20150922190324811Tz-7

Date will be written to C:\Users\wiprovpn\Desktop\Screenshots\combined_20150923020255734Tz-7.csv   at 20150922190325825Tz-7

Date will be written to C:\Users\wiprovpn\Desktop\Screenshots\combined_20150923020255734Tz-7.csv   at 20150922190326843Tz-7

Date will be written to C:\Users\wiprovpn\Desktop\Screenshots\combined_20150923020255734Tz-7.csv   at 20150922190327858Tz-7

Date will be written to C:\Users\wiprovpn\Desktop\Screenshots\combined_20150923020255734Tz-7.csv   at 20150922190328872Tz-7

Date will be written to C:\Users\wiprovpn\Desktop\Screenshots\combined_20150923020255734Tz-7.csv   at 20150922190329888Tz-7

Date will be written to C:\Users\wiprovpn\Desktop\Screenshots\combined_20150923020255734Tz-7.csv   at 20150922190330905Tz-7

